<?xml version="1.0" encoding="UTF-8"?>
<testsuite name="com.hissain.jscipy.signal.PeakFinderTest" tests="8" skipped="0" failures="0" errors="0" timestamp="2025-11-11T17:38:25" hostname="Hissains-MacBook-Pro.local" time="0.032">
  <properties/>
  <testcase name="testDataset1()" classname="com.hissain.jscipy.signal.PeakFinderTest" time="0.008"/>
  <testcase name="testDataset2()" classname="com.hissain.jscipy.signal.PeakFinderTest" time="0.003"/>
  <testcase name="testDataset3()" classname="com.hissain.jscipy.signal.PeakFinderTest" time="0.002"/>
  <testcase name="testDataset4()" classname="com.hissain.jscipy.signal.PeakFinderTest" time="0.003"/>
  <testcase name="testDataset5()" classname="com.hissain.jscipy.signal.PeakFinderTest" time="0.002"/>
  <testcase name="testDataset6()" classname="com.hissain.jscipy.signal.PeakFinderTest" time="0.002"/>
  <testcase name="testDataset7()" classname="com.hissain.jscipy.signal.PeakFinderTest" time="0.003"/>
  <testcase name="testDataset8()" classname="com.hissain.jscipy.signal.PeakFinderTest" time="0.002"/>
  <system-out><![CDATA[]]></system-out>
  <system-err><![CDATA[]]></system-err>
</testsuite>
