<?xml version="1.0" encoding="UTF-8"?>
<testsuite name="com.hissain.jscipy.signal.ButterworthFilterTest" tests="3" skipped="0" failures="0" errors="0" timestamp="2025-11-11T17:38:25" hostname="Hissains-MacBook-Pro.local" time="0.093">
  <properties/>
  <testcase name="testButterworthOrder2()" classname="com.hissain.jscipy.signal.ButterworthFilterTest" time="0.081"/>
  <testcase name="testButterworthOrder3()" classname="com.hissain.jscipy.signal.ButterworthFilterTest" time="0.005"/>
  <testcase name="testButterworthOrder4()" classname="com.hissain.jscipy.signal.ButterworthFilterTest" time="0.005"/>
  <system-out><![CDATA[RMSE for butterworth_input1.txt: 0.009127106033493239
RMSE for butterworth_input2.txt: 0.022009808082245695
RMSE for butterworth_input3.txt: 0.7996751568203622
]]></system-out>
  <system-err><![CDATA[]]></system-err>
</testsuite>
